  BulletManager.cpp
D:\Documents\GitHub\milestones-KyleSheridan\KyleSheridan19158823\GameCode\GameCode\UI.h(10): warning C4091: 'static ': ignored on left of 'Text::alignX' when no variable is declared
D:\Documents\GitHub\milestones-KyleSheridan\KyleSheridan19158823\GameCode\GameCode\UI.h(11): warning C4091: 'static ': ignored on left of 'Text::alignY' when no variable is declared
D:\Documents\GitHub\milestones-KyleSheridan\KyleSheridan19158823\GameCode\GameCode\Player.h(51,31): warning C4244: '=': conversion from 'double' to 'int', possible loss of data
D:\Documents\GitHub\milestones-KyleSheridan\KyleSheridan19158823\GameCode\GameCode\Player.h(52,31): warning C4244: '=': conversion from 'double' to 'int', possible loss of data
D:\Documents\GitHub\milestones-KyleSheridan\KyleSheridan19158823\GameCode\GameCode\Enemy.h(59,101): warning C4244: 'argument': conversion from 'int' to 'float', possible loss of data
D:\Documents\GitHub\milestones-KyleSheridan\KyleSheridan19158823\GameCode\GameCode\Enemy.h(59,63): warning C4244: 'argument': conversion from 'int' to 'float', possible loss of data
D:\Documents\GitHub\milestones-KyleSheridan\KyleSheridan19158823\GameCode\GameCode\Enemy.h(59,139): warning C4244: 'return': conversion from 'float' to 'int', possible loss of data
D:\Documents\GitHub\milestones-KyleSheridan\KyleSheridan19158823\GameCode\GameCode\BulletManager.cpp(18,33): warning C4018: '>': signed/unsigned mismatch
D:\Documents\GitHub\milestones-KyleSheridan\KyleSheridan19158823\GameCode\GameCode\BulletManager.cpp(19,22): warning C4018: '<': signed/unsigned mismatch
D:\Documents\GitHub\milestones-KyleSheridan\KyleSheridan19158823\GameCode\GameCode\BulletManager.cpp(29,33): warning C4018: '>': signed/unsigned mismatch
D:\Documents\GitHub\milestones-KyleSheridan\KyleSheridan19158823\GameCode\GameCode\BulletManager.cpp(30,22): warning C4018: '<': signed/unsigned mismatch
D:\Documents\GitHub\milestones-KyleSheridan\KyleSheridan19158823\GameCode\GameCode\BulletManager.cpp(40,33): warning C4018: '>': signed/unsigned mismatch
D:\Documents\GitHub\milestones-KyleSheridan\KyleSheridan19158823\GameCode\GameCode\BulletManager.cpp(41,22): warning C4018: '<': signed/unsigned mismatch
D:\Documents\GitHub\milestones-KyleSheridan\KyleSheridan19158823\GameCode\GameCode\BulletManager.cpp(51,33): warning C4018: '>': signed/unsigned mismatch
D:\Documents\GitHub\milestones-KyleSheridan\KyleSheridan19158823\GameCode\GameCode\BulletManager.cpp(52,22): warning C4018: '<': signed/unsigned mismatch
D:\Documents\GitHub\milestones-KyleSheridan\KyleSheridan19158823\GameCode\GameCode\BulletManager.cpp(65,67): warning C4244: '=': conversion from 'float' to 'int', possible loss of data
D:\Documents\GitHub\milestones-KyleSheridan\KyleSheridan19158823\GameCode\GameCode\BulletManager.cpp(68,20): warning C4018: '<': signed/unsigned mismatch
D:\Documents\GitHub\milestones-KyleSheridan\KyleSheridan19158823\GameCode\GameCode\BulletManager.cpp(114,20): warning C4018: '<': signed/unsigned mismatch
  Enemy.cpp
D:\Documents\GitHub\milestones-KyleSheridan\KyleSheridan19158823\GameCode\GameCode\UI.h(10): warning C4091: 'static ': ignored on left of 'Text::alignX' when no variable is declared
D:\Documents\GitHub\milestones-KyleSheridan\KyleSheridan19158823\GameCode\GameCode\UI.h(11): warning C4091: 'static ': ignored on left of 'Text::alignY' when no variable is declared
D:\Documents\GitHub\milestones-KyleSheridan\KyleSheridan19158823\GameCode\GameCode\Player.h(51,31): warning C4244: '=': conversion from 'double' to 'int', possible loss of data
D:\Documents\GitHub\milestones-KyleSheridan\KyleSheridan19158823\GameCode\GameCode\Player.h(52,31): warning C4244: '=': conversion from 'double' to 'int', possible loss of data
D:\Documents\GitHub\milestones-KyleSheridan\KyleSheridan19158823\GameCode\GameCode\Enemy.h(59,101): warning C4244: 'argument': conversion from 'int' to 'float', possible loss of data
D:\Documents\GitHub\milestones-KyleSheridan\KyleSheridan19158823\GameCode\GameCode\Enemy.h(59,63): warning C4244: 'argument': conversion from 'int' to 'float', possible loss of data
D:\Documents\GitHub\milestones-KyleSheridan\KyleSheridan19158823\GameCode\GameCode\Enemy.h(59,139): warning C4244: 'return': conversion from 'float' to 'int', possible loss of data
D:\Documents\GitHub\milestones-KyleSheridan\KyleSheridan19158823\GameCode\GameCode\Enemy.cpp(29,23): warning C4305: '=': truncation from 'double' to 'float'
D:\Documents\GitHub\milestones-KyleSheridan\KyleSheridan19158823\GameCode\GameCode\Enemy.cpp(32,38): warning C4244: '+=': conversion from 'float' to 'int', possible loss of data
D:\Documents\GitHub\milestones-KyleSheridan\KyleSheridan19158823\GameCode\GameCode\Enemy.cpp(33,38): warning C4244: '+=': conversion from 'float' to 'int', possible loss of data
D:\Documents\GitHub\milestones-KyleSheridan\KyleSheridan19158823\GameCode\GameCode\Enemy.cpp(42,31): warning C4244: '=': conversion from 'double' to 'int', possible loss of data
D:\Documents\GitHub\milestones-KyleSheridan\KyleSheridan19158823\GameCode\GameCode\Enemy.cpp(43,31): warning C4244: '=': conversion from 'double' to 'int', possible loss of data
D:\Documents\GitHub\milestones-KyleSheridan\KyleSheridan19158823\GameCode\GameCode\Enemy.cpp(45,23): warning C4244: '=': conversion from 'int' to 'float', possible loss of data
D:\Documents\GitHub\milestones-KyleSheridan\KyleSheridan19158823\GameCode\GameCode\Enemy.cpp(78,14): warning C4244: 'initializing': conversion from 'int' to 'float', possible loss of data
D:\Documents\GitHub\milestones-KyleSheridan\KyleSheridan19158823\GameCode\GameCode\Enemy.cpp(79,14): warning C4244: 'initializing': conversion from 'int' to 'float', possible loss of data
  FPS.cpp
D:\Documents\GitHub\milestones-KyleSheridan\KyleSheridan19158823\GameCode\GameCode\FPS.cpp(29,25): warning C4244: '=': conversion from 'Uint32' to 'float', possible loss of data
D:\Documents\GitHub\milestones-KyleSheridan\KyleSheridan19158823\GameCode\GameCode\FPS.cpp(51,23): warning C4018: '<': signed/unsigned mismatch
  GameLoop.cpp
D:\Documents\GitHub\milestones-KyleSheridan\KyleSheridan19158823\GameCode\GameCode\UI.h(10): warning C4091: 'static ': ignored on left of 'Text::alignX' when no variable is declared
D:\Documents\GitHub\milestones-KyleSheridan\KyleSheridan19158823\GameCode\GameCode\UI.h(11): warning C4091: 'static ': ignored on left of 'Text::alignY' when no variable is declared
D:\Documents\GitHub\milestones-KyleSheridan\KyleSheridan19158823\GameCode\GameCode\Player.h(51,31): warning C4244: '=': conversion from 'double' to 'int', possible loss of data
D:\Documents\GitHub\milestones-KyleSheridan\KyleSheridan19158823\GameCode\GameCode\Player.h(52,31): warning C4244: '=': conversion from 'double' to 'int', possible loss of data
D:\Documents\GitHub\milestones-KyleSheridan\KyleSheridan19158823\GameCode\GameCode\Enemy.h(59,101): warning C4244: 'argument': conversion from 'int' to 'float', possible loss of data
D:\Documents\GitHub\milestones-KyleSheridan\KyleSheridan19158823\GameCode\GameCode\Enemy.h(59,63): warning C4244: 'argument': conversion from 'int' to 'float', possible loss of data
D:\Documents\GitHub\milestones-KyleSheridan\KyleSheridan19158823\GameCode\GameCode\Enemy.h(59,139): warning C4244: 'return': conversion from 'float' to 'int', possible loss of data
D:\Documents\GitHub\milestones-KyleSheridan\KyleSheridan19158823\GameCode\GameCode\WaveSpawner.h(14,1): warning C4005: 'POOL_SIZE': macro redefinition
D:\Documents\GitHub\milestones-KyleSheridan\KyleSheridan19158823\GameCode\GameCode\BulletManager.h(13): message : see previous definition of 'POOL_SIZE'
D:\Documents\GitHub\milestones-KyleSheridan\KyleSheridan19158823\GameCode\GameCode\PickUp.h(12): warning C4091: 'static ': ignored on left of 'PickUp::Type' when no variable is declared
D:\Documents\GitHub\milestones-KyleSheridan\KyleSheridan19158823\GameCode\GameCode\PickUp.h(30,13): warning C4244: 'initializing': conversion from 'double' to 'int', possible loss of data
  GameOver.cpp
D:\Documents\GitHub\milestones-KyleSheridan\KyleSheridan19158823\GameCode\GameCode\UI.h(10): warning C4091: 'static ': ignored on left of 'Text::alignX' when no variable is declared
D:\Documents\GitHub\milestones-KyleSheridan\KyleSheridan19158823\GameCode\GameCode\UI.h(11): warning C4091: 'static ': ignored on left of 'Text::alignY' when no variable is declared
  Main.cpp
D:\Documents\GitHub\milestones-KyleSheridan\KyleSheridan19158823\GameCode\GameCode\UI.h(10): warning C4091: 'static ': ignored on left of 'Text::alignX' when no variable is declared
D:\Documents\GitHub\milestones-KyleSheridan\KyleSheridan19158823\GameCode\GameCode\UI.h(11): warning C4091: 'static ': ignored on left of 'Text::alignY' when no variable is declared
D:\Documents\GitHub\milestones-KyleSheridan\KyleSheridan19158823\GameCode\GameCode\Player.h(51,31): warning C4244: '=': conversion from 'double' to 'int', possible loss of data
D:\Documents\GitHub\milestones-KyleSheridan\KyleSheridan19158823\GameCode\GameCode\Player.h(52,31): warning C4244: '=': conversion from 'double' to 'int', possible loss of data
D:\Documents\GitHub\milestones-KyleSheridan\KyleSheridan19158823\GameCode\GameCode\Enemy.h(59,101): warning C4244: 'argument': conversion from 'int' to 'float', possible loss of data
D:\Documents\GitHub\milestones-KyleSheridan\KyleSheridan19158823\GameCode\GameCode\Enemy.h(59,63): warning C4244: 'argument': conversion from 'int' to 'float', possible loss of data
D:\Documents\GitHub\milestones-KyleSheridan\KyleSheridan19158823\GameCode\GameCode\Enemy.h(59,139): warning C4244: 'return': conversion from 'float' to 'int', possible loss of data
D:\Documents\GitHub\milestones-KyleSheridan\KyleSheridan19158823\GameCode\GameCode\WaveSpawner.h(14,1): warning C4005: 'POOL_SIZE': macro redefinition
D:\Documents\GitHub\milestones-KyleSheridan\KyleSheridan19158823\GameCode\GameCode\BulletManager.h(13): message : see previous definition of 'POOL_SIZE'
D:\Documents\GitHub\milestones-KyleSheridan\KyleSheridan19158823\GameCode\GameCode\PickUp.h(12): warning C4091: 'static ': ignored on left of 'PickUp::Type' when no variable is declared
D:\Documents\GitHub\milestones-KyleSheridan\KyleSheridan19158823\GameCode\GameCode\PickUp.h(30,13): warning C4244: 'initializing': conversion from 'double' to 'int', possible loss of data
  PickUp.cpp
D:\Documents\GitHub\milestones-KyleSheridan\KyleSheridan19158823\GameCode\GameCode\UI.h(10): warning C4091: 'static ': ignored on left of 'Text::alignX' when no variable is declared
D:\Documents\GitHub\milestones-KyleSheridan\KyleSheridan19158823\GameCode\GameCode\UI.h(11): warning C4091: 'static ': ignored on left of 'Text::alignY' when no variable is declared
D:\Documents\GitHub\milestones-KyleSheridan\KyleSheridan19158823\GameCode\GameCode\Player.h(51,31): warning C4244: '=': conversion from 'double' to 'int', possible loss of data
D:\Documents\GitHub\milestones-KyleSheridan\KyleSheridan19158823\GameCode\GameCode\Player.h(52,31): warning C4244: '=': conversion from 'double' to 'int', possible loss of data
D:\Documents\GitHub\milestones-KyleSheridan\KyleSheridan19158823\GameCode\GameCode\PickUp.h(12): warning C4091: 'static ': ignored on left of 'PickUp::Type' when no variable is declared
D:\Documents\GitHub\milestones-KyleSheridan\KyleSheridan19158823\GameCode\GameCode\PickUp.h(30,13): warning C4244: 'initializing': conversion from 'double' to 'int', possible loss of data
  Player.cpp
D:\Documents\GitHub\milestones-KyleSheridan\KyleSheridan19158823\GameCode\GameCode\UI.h(10): warning C4091: 'static ': ignored on left of 'Text::alignX' when no variable is declared
D:\Documents\GitHub\milestones-KyleSheridan\KyleSheridan19158823\GameCode\GameCode\UI.h(11): warning C4091: 'static ': ignored on left of 'Text::alignY' when no variable is declared
D:\Documents\GitHub\milestones-KyleSheridan\KyleSheridan19158823\GameCode\GameCode\Player.h(51,31): warning C4244: '=': conversion from 'double' to 'int', possible loss of data
D:\Documents\GitHub\milestones-KyleSheridan\KyleSheridan19158823\GameCode\GameCode\Player.h(52,31): warning C4244: '=': conversion from 'double' to 'int', possible loss of data
D:\Documents\GitHub\milestones-KyleSheridan\KyleSheridan19158823\GameCode\GameCode\Player.cpp(68,24): warning C4244: '=': conversion from 'double' to 'int', possible loss of data
D:\Documents\GitHub\milestones-KyleSheridan\KyleSheridan19158823\GameCode\GameCode\Player.cpp(69,24): warning C4244: '=': conversion from 'double' to 'int', possible loss of data
  Scene.cpp
D:\Documents\GitHub\milestones-KyleSheridan\KyleSheridan19158823\GameCode\GameCode\UI.h(10): warning C4091: 'static ': ignored on left of 'Text::alignX' when no variable is declared
D:\Documents\GitHub\milestones-KyleSheridan\KyleSheridan19158823\GameCode\GameCode\UI.h(11): warning C4091: 'static ': ignored on left of 'Text::alignY' when no variable is declared
  ScoreManager.cpp
D:\Documents\GitHub\milestones-KyleSheridan\KyleSheridan19158823\GameCode\GameCode\UI.h(10): warning C4091: 'static ': ignored on left of 'Text::alignX' when no variable is declared
D:\Documents\GitHub\milestones-KyleSheridan\KyleSheridan19158823\GameCode\GameCode\UI.h(11): warning C4091: 'static ': ignored on left of 'Text::alignY' when no variable is declared
  TestScene.cpp
D:\Documents\GitHub\milestones-KyleSheridan\KyleSheridan19158823\GameCode\GameCode\UI.h(10): warning C4091: 'static ': ignored on left of 'Text::alignX' when no variable is declared
D:\Documents\GitHub\milestones-KyleSheridan\KyleSheridan19158823\GameCode\GameCode\UI.h(11): warning C4091: 'static ': ignored on left of 'Text::alignY' when no variable is declared
D:\Documents\GitHub\milestones-KyleSheridan\KyleSheridan19158823\GameCode\GameCode\Player.h(51,31): warning C4244: '=': conversion from 'double' to 'int', possible loss of data
D:\Documents\GitHub\milestones-KyleSheridan\KyleSheridan19158823\GameCode\GameCode\Player.h(52,31): warning C4244: '=': conversion from 'double' to 'int', possible loss of data
D:\Documents\GitHub\milestones-KyleSheridan\KyleSheridan19158823\GameCode\GameCode\Enemy.h(59,101): warning C4244: 'argument': conversion from 'int' to 'float', possible loss of data
D:\Documents\GitHub\milestones-KyleSheridan\KyleSheridan19158823\GameCode\GameCode\Enemy.h(59,63): warning C4244: 'argument': conversion from 'int' to 'float', possible loss of data
D:\Documents\GitHub\milestones-KyleSheridan\KyleSheridan19158823\GameCode\GameCode\Enemy.h(59,139): warning C4244: 'return': conversion from 'float' to 'int', possible loss of data
D:\Documents\GitHub\milestones-KyleSheridan\KyleSheridan19158823\GameCode\GameCode\WaveSpawner.h(14,1): warning C4005: 'POOL_SIZE': macro redefinition
D:\Documents\GitHub\milestones-KyleSheridan\KyleSheridan19158823\GameCode\GameCode\BulletManager.h(13): message : see previous definition of 'POOL_SIZE'
D:\Documents\GitHub\milestones-KyleSheridan\KyleSheridan19158823\GameCode\GameCode\PickUp.h(12): warning C4091: 'static ': ignored on left of 'PickUp::Type' when no variable is declared
D:\Documents\GitHub\milestones-KyleSheridan\KyleSheridan19158823\GameCode\GameCode\PickUp.h(30,13): warning C4244: 'initializing': conversion from 'double' to 'int', possible loss of data
  TileMap.cpp
D:\Documents\GitHub\milestones-KyleSheridan\KyleSheridan19158823\GameCode\GameCode\UI.h(10): warning C4091: 'static ': ignored on left of 'Text::alignX' when no variable is declared
D:\Documents\GitHub\milestones-KyleSheridan\KyleSheridan19158823\GameCode\GameCode\UI.h(11): warning C4091: 'static ': ignored on left of 'Text::alignY' when no variable is declared
D:\Documents\GitHub\milestones-KyleSheridan\KyleSheridan19158823\GameCode\GameCode\Player.h(51,31): warning C4244: '=': conversion from 'double' to 'int', possible loss of data
D:\Documents\GitHub\milestones-KyleSheridan\KyleSheridan19158823\GameCode\GameCode\Player.h(52,31): warning C4244: '=': conversion from 'double' to 'int', possible loss of data
D:\Documents\GitHub\milestones-KyleSheridan\KyleSheridan19158823\GameCode\GameCode\Enemy.h(59,101): warning C4244: 'argument': conversion from 'int' to 'float', possible loss of data
D:\Documents\GitHub\milestones-KyleSheridan\KyleSheridan19158823\GameCode\GameCode\Enemy.h(59,63): warning C4244: 'argument': conversion from 'int' to 'float', possible loss of data
D:\Documents\GitHub\milestones-KyleSheridan\KyleSheridan19158823\GameCode\GameCode\Enemy.h(59,139): warning C4244: 'return': conversion from 'float' to 'int', possible loss of data
D:\Documents\GitHub\milestones-KyleSheridan\KyleSheridan19158823\GameCode\GameCode\WaveSpawner.h(14,1): warning C4005: 'POOL_SIZE': macro redefinition
D:\Documents\GitHub\milestones-KyleSheridan\KyleSheridan19158823\GameCode\GameCode\BulletManager.h(13): message : see previous definition of 'POOL_SIZE'
D:\Documents\GitHub\milestones-KyleSheridan\KyleSheridan19158823\GameCode\GameCode\PickUp.h(12): warning C4091: 'static ': ignored on left of 'PickUp::Type' when no variable is declared
D:\Documents\GitHub\milestones-KyleSheridan\KyleSheridan19158823\GameCode\GameCode\PickUp.h(30,13): warning C4244: 'initializing': conversion from 'double' to 'int', possible loss of data
  TitleScreen.cpp
D:\Documents\GitHub\milestones-KyleSheridan\KyleSheridan19158823\GameCode\GameCode\UI.h(10): warning C4091: 'static ': ignored on left of 'Text::alignX' when no variable is declared
D:\Documents\GitHub\milestones-KyleSheridan\KyleSheridan19158823\GameCode\GameCode\UI.h(11): warning C4091: 'static ': ignored on left of 'Text::alignY' when no variable is declared
  UI.cpp
D:\Documents\GitHub\milestones-KyleSheridan\KyleSheridan19158823\GameCode\GameCode\UI.h(10): warning C4091: 'static ': ignored on left of 'Text::alignX' when no variable is declared
D:\Documents\GitHub\milestones-KyleSheridan\KyleSheridan19158823\GameCode\GameCode\UI.h(11): warning C4091: 'static ': ignored on left of 'Text::alignY' when no variable is declared
D:\Documents\GitHub\milestones-KyleSheridan\KyleSheridan19158823\GameCode\GameCode\UI.cpp(181,94): warning C4305: 'argument': truncation from 'double' to 'float'
D:\Documents\GitHub\milestones-KyleSheridan\KyleSheridan19158823\GameCode\GameCode\UI.cpp(200,11): warning C4244: 'return': conversion from 'float' to 'int', possible loss of data
  WaveSpawner.cpp
D:\Documents\GitHub\milestones-KyleSheridan\KyleSheridan19158823\GameCode\GameCode\UI.h(10): warning C4091: 'static ': ignored on left of 'Text::alignX' when no variable is declared
D:\Documents\GitHub\milestones-KyleSheridan\KyleSheridan19158823\GameCode\GameCode\UI.h(11): warning C4091: 'static ': ignored on left of 'Text::alignY' when no variable is declared
D:\Documents\GitHub\milestones-KyleSheridan\KyleSheridan19158823\GameCode\GameCode\Player.h(51,31): warning C4244: '=': conversion from 'double' to 'int', possible loss of data
D:\Documents\GitHub\milestones-KyleSheridan\KyleSheridan19158823\GameCode\GameCode\Player.h(52,31): warning C4244: '=': conversion from 'double' to 'int', possible loss of data
D:\Documents\GitHub\milestones-KyleSheridan\KyleSheridan19158823\GameCode\GameCode\Enemy.h(59,101): warning C4244: 'argument': conversion from 'int' to 'float', possible loss of data
D:\Documents\GitHub\milestones-KyleSheridan\KyleSheridan19158823\GameCode\GameCode\Enemy.h(59,63): warning C4244: 'argument': conversion from 'int' to 'float', possible loss of data
D:\Documents\GitHub\milestones-KyleSheridan\KyleSheridan19158823\GameCode\GameCode\Enemy.h(59,139): warning C4244: 'return': conversion from 'float' to 'int', possible loss of data
  Generating Code...
  LINK : D:\Documents\GitHub\milestones-KyleSheridan\KyleSheridan19158823\GameCode\Debug\GameCode.exe not found or not built by the last incremental link; performing full link
  GameCode.vcxproj -> D:\Documents\GitHub\milestones-KyleSheridan\KyleSheridan19158823\GameCode\Debug\GameCode.exe
